Arguments: 
  C:\Program Files\nodejs\node.exe C:\Program Files (x86)\Yarn\bin\yarn.js add express-async-errors

PATH: 
  C:\Program Files\cmder\bin;C:\Program Files\cmder\vendor\bin;C:\Program Files\cmder\vendor\conemu-maximus5\ConEmu\Scripts;C:\Program Files\cmder\vendor\conemu-maximus5;C:\Program Files\cmder\vendor\conemu-maximus5\ConEmu;C:\Program Files (x86)\Common Files\Oracle\Java\javapath;C:\Python27\;C:\Python27\Scripts;C:\Program Files\MongoDB\Server\4.2\bin;C:\WINDOWS\system32;C:\Program Files\PuTTY\;C:\Program Files\NVIDIA Corporation\NVIDIA NvDLISR;C:\Program Files (x86)\NVIDIA Corporation\PhysX\Common;C:\ProgramData\chocolatey\bin;C:\Program Files\nodejs\;C:\Program Files (x86)\Yarn\bin\;C:\Program Files\Java\jdk1.8.0_211\bin;C:\WINDOWS\system32;C:\WINDOWS;C:\WINDOWS\System32\Wbem;C:\WINDOWS\System32\WindowsPowerShell\v1.0\;C:\WINDOWS\System32\OpenSSH\;C:\Program Files\Docker\Docker\resources\bin;C:\ProgramData\DockerDesktop\version-bin;C:\Users\herbe\scoop\shims;C:\Users\herbe\AppData\Local\Programs\Python\Python38-32\Scripts\;C:\Users\herbe\AppData\Local\Programs\Python\Python38-32\;C:\Ruby25-x64\bin;C:\Users\herbe\AppData\Local\Microsoft\WindowsApps;C:\Users\herbe\AppData\Local\Programs\Microsoft VS Code\bin;C:\Users\herbe\AppData\Roaming\npm;C:\Users\herbe\AppData\Local\Yarn\bin;C:\Users\herbe\AppData\Local\Android\Sdk\emulator;C:\Users\herbe\AppData\Local\Android\Sdk\tools;C:\Users\herbe\AppData\Local\Android\Sdk\tools\bin;C:\Users\herbe\AppData\Local\Android\Sdk\platform-tools;C:\Users\herbe\scoop\apps\git\current\cmd;C:\Users\herbe\scoop\apps\git\current\mingw64\bin;C:\Users\herbe\scoop\apps\git\current\usr\bin;C:\Program Files\cmder

Yarn version: 
  1.22.5

Node version: 
  12.18.3

Platform: 
  win32 x64

Trace: 
  Error: EPERM: operation not permitted, unlink 'C:\Users\herbe\Desktop\ignite\node\agendamento\node_modules\.bin\ts-node-dev'

npm manifest: 
  {
    "name": "agendamento",
    "version": "1.0.0",
    "main": "index.js",
    "license": "MIT",
    "scripts": {
      "dev": "ts-node-dev --inspect --transpile-only --ignore-watch node_modules --respawn src/server.ts",
      "typeorm": "ts-node-dev ./node_modules/typeorm/cli"
    },
    "dependencies": {
      "bcryptjs": "^2.4.3",
      "csv-parse": "^4.16.0",
      "express": "^4.17.1",
      "jsonwebtoken": "^8.5.1",
      "multer": "^1.4.2",
      "pg": "^8.6.0",
      "reflect-metadata": "^0.1.13",
      "swagger-ui-express": "^4.1.6",
      "tsyringe": "^4.5.0",
      "typeorm": "^0.2.34",
      "uuid": "^8.3.2"
    },
    "devDependencies": {
      "@types/bcryptjs": "^2.4.2",
      "@types/express": "^4.17.12",
      "@types/jsonwebtoken": "^8.5.4",
      "@types/multer": "^1.4.6",
      "@types/reflect-metadata": "^0.1.0",
      "@types/swagger-ui-express": "^4.1.2",
      "@types/uuid": "^8.3.0",
      "@typescript-eslint/eslint-plugin": "^4.28.0",
      "@typescript-eslint/parser": "^4.28.0",
      "eslint": "^7.29.0",
      "eslint-config-airbnb-base": "^14.2.1",
      "eslint-config-prettier": "^8.3.0",
      "eslint-import-resolver-typescript": "^2.4.0",
      "eslint-plugin-import": "2.22.1",
      "eslint-plugin-import-helpers": "^1.1.0",
      "eslint-plugin-prettier": "^3.4.0",
      "prettier": "^2.3.2",
      "ts-node-dev": "^1.1.6",
      "typescript": "^4.3.4"
    }
  }

yarn manifest: 
  No manifest

Lockfile: 
  No lockfile
